ProjectModul3/praktikum5/build/intermediates/manifest_merge_blame_file/debug/manifest-merger-blame-debug-report.txt
1<?xml version="1.0" encoding="utf-8"?>
2<manifest xmlns:android="http://schemas.android.com/apk/res/android"
3    package="com.dimas_19102004.praktikum5"
4    android:versionCode="1"
5    android:versionName="1.0" >
6
7    <uses-sdk
8        android:minSdkVersion="21"
8-->src\main\AndroidManifest.xml
9        android:targetSdkVersion="32" />
9-->src\main\AndroidManifest.xml
10
11    <uses-permission android:name="android.permission.CALL_PHONE" />
11-->src\main\AndroidManifest.xml:5:5-69
11-->src\main\AndroidManifest.xml:5:22-66
12
13    <application
13-->src\main\AndroidManifest.xml:7:5-29:19
14        android:allowBackup="true"
14-->src\main\AndroidManifest.xml:8:9-35
15        android:appComponentFactory="androidx.core.app.CoreComponentFactory"
15-->[androidx.core:core:1.7.0] AndroidManifest.xml:24:18-86
16        android:debuggable="true"
17        android:icon="@mipmap/ic_launcher"
17-->src\main\AndroidManifest.xml:9:9-43
18        android:label="@string/app_name"
18-->src\main\AndroidManifest.xml:10:9-41
19        android:roundIcon="@mipmap/ic_launcher_round"
19-->src\main\AndroidManifest.xml:11:9-54
20        android:supportsRtl="true"
20-->src\main\AndroidManifest.xml:12:9-35
21        android:theme="@style/Theme.ProjectModul3" >
21-->src\main\AndroidManifest.xml:13:9-51
22        <activity
22-->src\main\AndroidManifest.xml:14:9-16:40
23            android:name="com.dimas_19102004.praktikum5.Practice5ForFragmentActivity"
23-->src\main\AndroidManifest.xml:15:13-57
24            android:exported="false" />
24-->src\main\AndroidManifest.xml:16:13-37
25        <activity
25-->src\main\AndroidManifest.xml:17:9-19:40
26            android:name="com.dimas_19102004.praktikum5.Practice5ReadDataActivity"
26-->src\main\AndroidManifest.xml:18:13-54
27            android:exported="false" />
27-->src\main\AndroidManifest.xml:19:13-37
28        <activity
28-->src\main\AndroidManifest.xml:20:9-28:20
29            android:name="com.dimas_19102004.praktikum5.Practice5Activity"
29-->src\main\AndroidManifest.xml:21:13-46
30            android:exported="true" >
30-->src\main\AndroidManifest.xml:22:13-36
31            <intent-filter>
31-->src\main\AndroidManifest.xml:23:13-27:29
32                <action android:name="android.intent.action.MAIN" />
32-->src\main\AndroidManifest.xml:24:17-69
32-->src\main\AndroidManifest.xml:24:25-66
33
34                <category android:name="android.intent.category.LAUNCHER" />
34-->src\main\AndroidManifest.xml:26:17-77
34-->src\main\AndroidManifest.xml:26:27-74
35            </intent-filter>
36        </activity>
37
38        <provider
38-->[androidx.emoji2:emoji2:1.0.0] AndroidManifest.xml:26:9-34:20
39            android:name="androidx.startup.InitializationProvider"
39-->[androidx.emoji2:emoji2:1.0.0] AndroidManifest.xml:27:13-67
40            android:authorities="com.dimas_19102004.praktikum5.androidx-startup"
40-->[androidx.emoji2:emoji2:1.0.0] AndroidManifest.xml:28:13-68
41            android:exported="false" >
41-->[androidx.emoji2:emoji2:1.0.0] AndroidManifest.xml:29:13-37
42            <meta-data
42-->[androidx.emoji2:emoji2:1.0.0] AndroidManifest.xml:31:13-33:52
43                android:name="androidx.emoji2.text.EmojiCompatInitializer"
43-->[androidx.emoji2:emoji2:1.0.0] AndroidManifest.xml:32:17-75
44                android:value="androidx.startup" />
44-->[androidx.emoji2:emoji2:1.0.0] AndroidManifest.xml:33:17-49
45            <meta-data
45-->[androidx.lifecycle:lifecycle-process:2.4.0] AndroidManifest.xml:31:13-33:52
46                android:name="androidx.lifecycle.ProcessLifecycleInitializer"
46-->[androidx.lifecycle:lifecycle-process:2.4.0] AndroidManifest.xml:32:17-78
47                android:value="androidx.startup" />
47-->[androidx.lifecycle:lifecycle-process:2.4.0] AndroidManifest.xml:33:17-49
48        </provider>
49    </application>
50
51</manifest>